[01m[K/home/vinh/ws_moveit/src/moveit_grasps/src/grasp_planner.cpp:[m[K In member function ‘[01m[Kbool moveit_grasps::GraspPlanner::computeCartesianWaypointPath(moveit_grasps::GraspCandidatePtr&, const PlanningSceneConstPtr&, const RobotStatePtr&, const vector_Isometry3d&, const string&)[m[K’:
[01m[K/home/vinh/ws_moveit/src/moveit_grasps/src/grasp_planner.cpp:311:45:[m[K [01;35m[Kwarning: [m[K‘[01m[Kstatic double moveit::core::CartesianInterpolator::computeCartesianPath(moveit::core::RobotState*, const moveit::core::JointModelGroup*, std::vector<std::shared_ptr<moveit::core::RobotState> >&, const moveit::core::LinkModel*, const Isometry3d&, bool, const moveit::core::MaxEEFStep&, const moveit::core::JumpThreshold&, const GroupStateValidityCallbackFn&, const kinematics::KinematicsQueryOptions&, const Isometry3d&)[m[K’ is deprecated: Replace JumpThreshold with CartesianPrecision [[01;35m[K-Wdeprecated-declarations[m[K]
  311 |         kinematics::KinematicsQueryOptions()[01;35m[K)[m[K;
      |                                             [01;35m[K^[m[K
In file included from [01m[K/home/vinh/ws_moveit/src/moveit_grasps/src/grasp_planner.cpp:42[m[K:
[01m[K/opt/ros/noetic/include/moveit/robot_state/cartesian_interpolator.h:239:3:[m[K [01;36m[Knote: [m[Kdeclared here
  239 |   [01;36m[KcomputeCartesianPath[m[K(RobotState* start_state, const JointModelGroup* group,
      |   [01;36m[K^~~~~~~~~~~~~~~~~~~~[m[K
[01m[K/home/vinh/ws_moveit/src/moveit_grasps/src/grasp_planner.cpp:311:45:[m[K [01;35m[Kwarning: [m[K‘[01m[Kstatic double moveit::core::CartesianInterpolator::computeCartesianPath(moveit::core::RobotState*, const moveit::core::JointModelGroup*, std::vector<std::shared_ptr<moveit::core::RobotState> >&, const moveit::core::LinkModel*, const Isometry3d&, bool, const moveit::core::MaxEEFStep&, const moveit::core::JumpThreshold&, const GroupStateValidityCallbackFn&, const kinematics::KinematicsQueryOptions&, const Isometry3d&)[m[K’ is deprecated: Replace JumpThreshold with CartesianPrecision [[01;35m[K-Wdeprecated-declarations[m[K]
  311 |         kinematics::KinematicsQueryOptions()[01;35m[K)[m[K;
      |                                             [01;35m[K^[m[K
In file included from [01m[K/home/vinh/ws_moveit/src/moveit_grasps/src/grasp_planner.cpp:42[m[K:
[01m[K/opt/ros/noetic/include/moveit/robot_state/cartesian_interpolator.h:239:3:[m[K [01;36m[Knote: [m[Kdeclared here
  239 |   [01;36m[KcomputeCartesianPath[m[K(RobotState* start_state, const JointModelGroup* group,
      |   [01;36m[K^~~~~~~~~~~~~~~~~~~~[m[K
[01m[K/home/vinh/ws_moveit/src/moveit_grasps/src/grasp_planner.cpp:361:45:[m[K [01;35m[Kwarning: [m[K‘[01m[Kstatic double moveit::core::CartesianInterpolator::computeCartesianPath(moveit::core::RobotState*, const moveit::core::JointModelGroup*, std::vector<std::shared_ptr<moveit::core::RobotState> >&, const moveit::core::LinkModel*, const Isometry3d&, bool, const moveit::core::MaxEEFStep&, const moveit::core::JumpThreshold&, const GroupStateValidityCallbackFn&, const kinematics::KinematicsQueryOptions&, const Isometry3d&)[m[K’ is deprecated: Replace JumpThreshold with CartesianPrecision [[01;35m[K-Wdeprecated-declarations[m[K]
  361 |         kinematics::KinematicsQueryOptions()[01;35m[K)[m[K;
      |                                             [01;35m[K^[m[K
In file included from [01m[K/home/vinh/ws_moveit/src/moveit_grasps/src/grasp_planner.cpp:42[m[K:
[01m[K/opt/ros/noetic/include/moveit/robot_state/cartesian_interpolator.h:239:3:[m[K [01;36m[Knote: [m[Kdeclared here
  239 |   [01;36m[KcomputeCartesianPath[m[K(RobotState* start_state, const JointModelGroup* group,
      |   [01;36m[K^~~~~~~~~~~~~~~~~~~~[m[K
[01m[K/home/vinh/ws_moveit/src/moveit_grasps/src/grasp_planner.cpp:361:45:[m[K [01;35m[Kwarning: [m[K‘[01m[Kstatic double moveit::core::CartesianInterpolator::computeCartesianPath(moveit::core::RobotState*, const moveit::core::JointModelGroup*, std::vector<std::shared_ptr<moveit::core::RobotState> >&, const moveit::core::LinkModel*, const Isometry3d&, bool, const moveit::core::MaxEEFStep&, const moveit::core::JumpThreshold&, const GroupStateValidityCallbackFn&, const kinematics::KinematicsQueryOptions&, const Isometry3d&)[m[K’ is deprecated: Replace JumpThreshold with CartesianPrecision [[01;35m[K-Wdeprecated-declarations[m[K]
  361 |         kinematics::KinematicsQueryOptions()[01;35m[K)[m[K;
      |                                             [01;35m[K^[m[K
In file included from [01m[K/home/vinh/ws_moveit/src/moveit_grasps/src/grasp_planner.cpp:42[m[K:
[01m[K/opt/ros/noetic/include/moveit/robot_state/cartesian_interpolator.h:239:3:[m[K [01;36m[Knote: [m[Kdeclared here
  239 |   [01;36m[KcomputeCartesianPath[m[K(RobotState* start_state, const JointModelGroup* group,
      |   [01;36m[K^~~~~~~~~~~~~~~~~~~~[m[K
[01m[K/home/vinh/ws_moveit/src/moveit_grasps/src/grasp_planner.cpp:367:45:[m[K [01;35m[Kwarning: [m[K‘[01m[Kstatic double moveit::core::CartesianInterpolator::computeCartesianPath(moveit::core::RobotState*, const moveit::core::JointModelGroup*, std::vector<std::shared_ptr<moveit::core::RobotState> >&, const moveit::core::LinkModel*, const Isometry3d&, bool, const moveit::core::MaxEEFStep&, const moveit::core::JumpThreshold&, const GroupStateValidityCallbackFn&, const kinematics::KinematicsQueryOptions&, const Isometry3d&)[m[K’ is deprecated: Replace JumpThreshold with CartesianPrecision [[01;35m[K-Wdeprecated-declarations[m[K]
  367 |         kinematics::KinematicsQueryOptions()[01;35m[K)[m[K;
      |                                             [01;35m[K^[m[K
In file included from [01m[K/home/vinh/ws_moveit/src/moveit_grasps/src/grasp_planner.cpp:42[m[K:
[01m[K/opt/ros/noetic/include/moveit/robot_state/cartesian_interpolator.h:239:3:[m[K [01;36m[Knote: [m[Kdeclared here
  239 |   [01;36m[KcomputeCartesianPath[m[K(RobotState* start_state, const JointModelGroup* group,
      |   [01;36m[K^~~~~~~~~~~~~~~~~~~~[m[K
[01m[K/home/vinh/ws_moveit/src/moveit_grasps/src/grasp_planner.cpp:367:45:[m[K [01;35m[Kwarning: [m[K‘[01m[Kstatic double moveit::core::CartesianInterpolator::computeCartesianPath(moveit::core::RobotState*, const moveit::core::JointModelGroup*, std::vector<std::shared_ptr<moveit::core::RobotState> >&, const moveit::core::LinkModel*, const Isometry3d&, bool, const moveit::core::MaxEEFStep&, const moveit::core::JumpThreshold&, const GroupStateValidityCallbackFn&, const kinematics::KinematicsQueryOptions&, const Isometry3d&)[m[K’ is deprecated: Replace JumpThreshold with CartesianPrecision [[01;35m[K-Wdeprecated-declarations[m[K]
  367 |         kinematics::KinematicsQueryOptions()[01;35m[K)[m[K;
      |                                             [01;35m[K^[m[K
In file included from [01m[K/home/vinh/ws_moveit/src/moveit_grasps/src/grasp_planner.cpp:42[m[K:
[01m[K/opt/ros/noetic/include/moveit/robot_state/cartesian_interpolator.h:239:3:[m[K [01;36m[Knote: [m[Kdeclared here
  239 |   [01;36m[KcomputeCartesianPath[m[K(RobotState* start_state, const JointModelGroup* group,
      |   [01;36m[K^~~~~~~~~~~~~~~~~~~~[m[K
